==> Start encoding.
==> Start running                      Tango2_3840x2160_60_10bit.yuv 22
==> Start running                      Tango2_3840x2160_60_10bit.yuv 27
==> Start running                      Tango2_3840x2160_60_10bit.yuv 32
==> Start running                      Tango2_3840x2160_60_10bit.yuv 37
==> Start running                 FoodMarket4_3840x2160_60_10bit.yuv 22
==> Start running                 FoodMarket4_3840x2160_60_10bit.yuv 27
==> Start running                 FoodMarket4_3840x2160_60_10bit.yuv 32
==> Start running                 FoodMarket4_3840x2160_60_10bit.yuv 37
==> Start running                    Campfire_3840x2160_30_10bit.yuv 22
==> Start running                    Campfire_3840x2160_30_10bit.yuv 27
==> Start running                    Campfire_3840x2160_30_10bit.yuv 32
==> Start running                    Campfire_3840x2160_30_10bit.yuv 37
==> Start running                    CatRobot_3840x2160_60_10bit.yuv 22
==> Start running                    CatRobot_3840x2160_60_10bit.yuv 27
==> Start running                    CatRobot_3840x2160_60_10bit.yuv 32
==> Start running                    CatRobot_3840x2160_60_10bit.yuv 37
==> Start running               DaylightRoad2_3840x2160_60_10bit.yuv 22
==> Start running               DaylightRoad2_3840x2160_60_10bit.yuv 27
==> Start running               DaylightRoad2_3840x2160_60_10bit.yuv 32
==> Start running               DaylightRoad2_3840x2160_60_10bit.yuv 37
==> Start running                ParkRunning3_3840x2160_50_10bit.yuv 22
==> Start running                ParkRunning3_3840x2160_50_10bit.yuv 27
==> Start running                ParkRunning3_3840x2160_50_10bit.yuv 32
==> Start running                ParkRunning3_3840x2160_50_10bit.yuv 37
==> Start running                 MarketPlace_1920x1080_60_10bit.yuv 22
==> Start running                 MarketPlace_1920x1080_60_10bit.yuv 27
==> Start running                 MarketPlace_1920x1080_60_10bit.yuv 32
==> Start running                 MarketPlace_1920x1080_60_10bit.yuv 37
==> Start running                 RitualDance_1920x1080_60_10bit.yuv 22
==> Start running                 RitualDance_1920x1080_60_10bit.yuv 27
==> Start running                 RitualDance_1920x1080_60_10bit.yuv 32
==> Start running                 RitualDance_1920x1080_60_10bit.yuv 37
==> Start running                       Cactus_1920x1080_50_8bit.yuv 22
==> Start running                       Cactus_1920x1080_50_8bit.yuv 27
==> Start running                       Cactus_1920x1080_50_8bit.yuv 32
==> Start running                       Cactus_1920x1080_50_8bit.yuv 37
==> Start running              BasketballDrive_1920x1080_50_8bit.yuv 22
==> Start running              BasketballDrive_1920x1080_50_8bit.yuv 27
==> Start running              BasketballDrive_1920x1080_50_8bit.yuv 32
==> Start running              BasketballDrive_1920x1080_50_8bit.yuv 37
==> Start running                    BQTerrace_1920x1080_60_8bit.yuv 22
==> Start running                    BQTerrace_1920x1080_60_8bit.yuv 27
==> Start running                    BQTerrace_1920x1080_60_8bit.yuv 32
==> Start running                    BQTerrace_1920x1080_60_8bit.yuv 37
==> Start running                BasketballDrill_832x480_50_8bit.yuv 22
==> Start running                BasketballDrill_832x480_50_8bit.yuv 27
==> Start running                BasketballDrill_832x480_50_8bit.yuv 32
==> Start running                BasketballDrill_832x480_50_8bit.yuv 37
==> Start running                         BQMall_832x480_60_8bit.yuv 22
==> Start running                         BQMall_832x480_60_8bit.yuv 27
==> Start running                         BQMall_832x480_60_8bit.yuv 32
==> Start running                         BQMall_832x480_60_8bit.yuv 37
==> Start running                     PartyScene_832x480_50_8bit.yuv 22
==> Start running                     PartyScene_832x480_50_8bit.yuv 27
==> Start running                     PartyScene_832x480_50_8bit.yuv 32
==> Start running                     PartyScene_832x480_50_8bit.yuv 37
==> Start running                    RaceHorsesC_832x480_30_8bit.yuv 22
==> Start running                    RaceHorsesC_832x480_30_8bit.yuv 27
==> Start running                    RaceHorsesC_832x480_30_8bit.yuv 32
==> Start running                    RaceHorsesC_832x480_30_8bit.yuv 37
==> Start running                 BasketballPass_416x240_50_8bit.yuv 22
==> Start running                 BasketballPass_416x240_50_8bit.yuv 27
==> Start running                 BasketballPass_416x240_50_8bit.yuv 32
==> Start running                 BasketballPass_416x240_50_8bit.yuv 37
==> Start running                       BQSquare_416x240_60_8bit.yuv 22
==> Start running                       BQSquare_416x240_60_8bit.yuv 27
==> Start running                       BQSquare_416x240_60_8bit.yuv 32
==> Start running                       BQSquare_416x240_60_8bit.yuv 37
==> Start running                 BlowingBubbles_416x240_50_8bit.yuv 22
==> Start running                 BlowingBubbles_416x240_50_8bit.yuv 27
==> Start running                 BlowingBubbles_416x240_50_8bit.yuv 32
==> Start running                 BlowingBubbles_416x240_50_8bit.yuv 37
==> Start running                     RaceHorses_416x240_30_8bit.yuv 22
==> Start running                     RaceHorses_416x240_30_8bit.yuv 27
==> Start running                     RaceHorses_416x240_30_8bit.yuv 32
==> Start running                     RaceHorses_416x240_30_8bit.yuv 37
==> Start running                    FourPeople_1280x720_60_8bit.yuv 22
==> Start running                    FourPeople_1280x720_60_8bit.yuv 27
==> Start running                    FourPeople_1280x720_60_8bit.yuv 32
==> Start running                    FourPeople_1280x720_60_8bit.yuv 37
==> Start running                        Johnny_1280x720_60_8bit.yuv 22
==> Start running                        Johnny_1280x720_60_8bit.yuv 27
==> Start running                        Johnny_1280x720_60_8bit.yuv 32
==> Start running                        Johnny_1280x720_60_8bit.yuv 37
==> Start running                KristenAndSara_1280x720_60_8bit.yuv 22
==> Start running                KristenAndSara_1280x720_60_8bit.yuv 27
==> Start running                KristenAndSara_1280x720_60_8bit.yuv 32
==> Start running                KristenAndSara_1280x720_60_8bit.yuv 37
==> Start running            BasketballDrillText_832x480_50_8bit.yuv 22
==> Start running            BasketballDrillText_832x480_50_8bit.yuv 27
==> Start running            BasketballDrillText_832x480_50_8bit.yuv 32
==> Start running            BasketballDrillText_832x480_50_8bit.yuv 37
==> Start running                 ArenaOfValor_1920x1080_60_8bit.yuv 22
==> Start running                 ArenaOfValor_1920x1080_60_8bit.yuv 27
==> Start running                 ArenaOfValor_1920x1080_60_8bit.yuv 32
==> Start running                 ArenaOfValor_1920x1080_60_8bit.yuv 37
==> Start running                  SlideEditing_1280x720_30_8bit.yuv 22
==> Start running                  SlideEditing_1280x720_30_8bit.yuv 27
==> Start running                  SlideEditing_1280x720_30_8bit.yuv 32
==> Start running                  SlideEditing_1280x720_30_8bit.yuv 37
==> Start running                     SlideShow_1280x720_20_8bit.yuv 22
==> Start running                     SlideShow_1280x720_20_8bit.yuv 27
==> Start running                     SlideShow_1280x720_20_8bit.yuv 32
==> Start running                     SlideShow_1280x720_20_8bit.yuv 37
==> Finish encoding. || Run time: 8882.73 sec.
